<?xml version="1.0" encoding="UTF-8"?>
<testng-results skipped="0" failed="1" total="2" passed="1">
  <reporter-output>
  </reporter-output>
  <suite name="Default suite" duration-ms="31592" started-at="2019-08-28T18:54:48Z" finished-at="2019-08-28T18:55:19Z">
    <groups>
    </groups>
    <test name="Default test" duration-ms="31592" started-at="2019-08-28T18:54:48Z" finished-at="2019-08-28T18:55:19Z">
      <class name="com.crm.test.CasePageTest">
        <test-method status="PASS" signature="setExtent()[pri:0, instance:com.crm.test.CasePageTest@c99a0478]" name="setExtent" is-config="true" duration-ms="344" started-at="2019-08-29T00:24:48Z" finished-at="2019-08-29T00:24:48Z">
          <reporter-output>
          </reporter-output>
        </test-method> <!-- setExtent -->
        <test-method status="PASS" signature="setUp()[pri:0, instance:com.crm.test.CasePageTest@c99a0478]" name="setUp" is-config="true" duration-ms="10056" started-at="2019-08-29T00:24:48Z" finished-at="2019-08-29T00:24:58Z">
          <reporter-output>
          </reporter-output>
        </test-method> <!-- setUp -->
        <test-method status="PASS" signature="addCaseDetails(java.lang.String, java.lang.String, java.lang.String)[pri:0, instance:com.crm.test.CasePageTest@c99a0478]" name="addCaseDetails" duration-ms="6591" started-at="2019-08-29T00:24:58Z" description="Add Case" data-provider="getTestData" finished-at="2019-08-29T00:25:05Z">
          <params>
            <param index="0">
              <value>
                <![CDATA[Mr.]]>
              </value>
            </param>
            <param index="1">
              <value>
                <![CDATA[John]]>
              </value>
            </param>
            <param index="2">
              <value>
                <![CDATA[Peter]]>
              </value>
            </param>
          </params>
          <reporter-output>
          </reporter-output>
        </test-method> <!-- addCaseDetails -->
        <test-method status="PASS" signature="tearDown(org.testng.ITestResult)[pri:0, instance:com.crm.test.CasePageTest@c99a0478]" name="tearDown" is-config="true" duration-ms="1370" started-at="2019-08-29T00:25:05Z" finished-at="2019-08-29T00:25:06Z">
          <params>
            <param index="0">
              <value>
                <![CDATA[[TestResult name=addCaseDetails status=SUCCESS method=CasePageTest.addCaseDetails(java.lang.String, java.lang.String, java.lang.String)[pri:0, instance:com.crm.test.CasePageTest@c99a0478] output={null}]]]>
              </value>
            </param>
          </params>
          <reporter-output>
          </reporter-output>
        </test-method> <!-- tearDown -->
        <test-method status="PASS" signature="setUp()[pri:0, instance:com.crm.test.CasePageTest@c99a0478]" name="setUp" is-config="true" duration-ms="9943" started-at="2019-08-29T00:25:06Z" finished-at="2019-08-29T00:25:16Z">
          <reporter-output>
          </reporter-output>
        </test-method> <!-- setUp -->
        <test-method status="FAIL" signature="verifyCaseStatus(java.lang.String, java.lang.String, java.lang.String)[pri:0, instance:com.crm.test.CasePageTest@c99a0478]" name="verifyCaseStatus" duration-ms="1418" started-at="2019-08-29T00:25:16Z" description="Verify Case Status Of Added Case" data-provider="getTestData" finished-at="2019-08-29T00:25:17Z">
          <params>
            <param index="0">
              <value>
                <![CDATA[Mr.]]>
              </value>
            </param>
            <param index="1">
              <value>
                <![CDATA[John]]>
              </value>
            </param>
            <param index="2">
              <value>
                <![CDATA[Peter]]>
              </value>
            </param>
          </params>
          <exception class="java.lang.AssertionError">
            <message>
              <![CDATA[expected [false] but found [true]]]>
            </message>
            <full-stacktrace>
              <![CDATA[java.lang.AssertionError: expected [false] but found [true]
	at org.testng.Assert.fail(Assert.java:94)
	at org.testng.Assert.failNotEquals(Assert.java:513)
	at org.testng.Assert.assertFalse(Assert.java:63)
	at org.testng.Assert.assertFalse(Assert.java:73)
	at com.crm.test.CasePageTest.verifyCaseStatus(CasePageTest.java:114)
	at sun.reflect.NativeMethodAccessorImpl.invoke0(Native Method)
	at sun.reflect.NativeMethodAccessorImpl.invoke(NativeMethodAccessorImpl.java:62)
	at sun.reflect.DelegatingMethodAccessorImpl.invoke(DelegatingMethodAccessorImpl.java:43)
	at java.lang.reflect.Method.invoke(Method.java:498)
	at org.testng.internal.MethodInvocationHelper.invokeMethod(MethodInvocationHelper.java:86)
	at org.testng.internal.Invoker.invokeMethod(Invoker.java:645)
	at org.testng.internal.Invoker.invokeTestMethod(Invoker.java:822)
	at org.testng.internal.Invoker.invokeTestMethods(Invoker.java:1130)
	at org.testng.internal.TestMethodWorker.invokeTestMethods(TestMethodWorker.java:129)
	at org.testng.internal.TestMethodWorker.run(TestMethodWorker.java:112)
	at org.testng.TestRunner.privateRun(TestRunner.java:782)
	at org.testng.TestRunner.run(TestRunner.java:632)
	at org.testng.SuiteRunner.runTest(SuiteRunner.java:366)
	at org.testng.SuiteRunner.runSequentially(SuiteRunner.java:361)
	at org.testng.SuiteRunner.privateRun(SuiteRunner.java:319)
	at org.testng.SuiteRunner.run(SuiteRunner.java:268)
	at org.testng.SuiteRunnerWorker.runSuite(SuiteRunnerWorker.java:52)
	at org.testng.SuiteRunnerWorker.run(SuiteRunnerWorker.java:86)
	at org.testng.TestNG.runSuitesSequentially(TestNG.java:1244)
	at org.testng.TestNG.runSuitesLocally(TestNG.java:1169)
	at org.testng.TestNG.run(TestNG.java:1064)
	at org.testng.remote.RemoteTestNG.run(RemoteTestNG.java:113)
	at org.testng.remote.RemoteTestNG.initAndRun(RemoteTestNG.java:206)
	at org.testng.remote.RemoteTestNG.main(RemoteTestNG.java:177)
]]>
            </full-stacktrace>
          </exception> <!-- java.lang.AssertionError -->
          <reporter-output>
          </reporter-output>
        </test-method> <!-- verifyCaseStatus -->
        <test-method status="PASS" signature="tearDown(org.testng.ITestResult)[pri:0, instance:com.crm.test.CasePageTest@c99a0478]" name="tearDown" is-config="true" duration-ms="1188" started-at="2019-08-29T00:25:17Z" finished-at="2019-08-29T00:25:19Z">
          <params>
            <param index="0">
              <value>
                <![CDATA[[TestResult name=verifyCaseStatus status=FAILURE method=CasePageTest.verifyCaseStatus(java.lang.String, java.lang.String, java.lang.String)[pri:0, instance:com.crm.test.CasePageTest@c99a0478] output={null}]]]>
              </value>
            </param>
          </params>
          <reporter-output>
          </reporter-output>
        </test-method> <!-- tearDown -->
        <test-method status="PASS" signature="endReport()[pri:0, instance:com.crm.test.CasePageTest@c99a0478]" name="endReport" is-config="true" duration-ms="500" started-at="2019-08-29T00:25:19Z" finished-at="2019-08-29T00:25:19Z">
          <reporter-output>
          </reporter-output>
        </test-method> <!-- endReport -->
      </class> <!-- com.crm.test.CasePageTest -->
    </test> <!-- Default test -->
  </suite> <!-- Default suite -->
</testng-results>
